<?xml version="1.0" encoding="UTF-8"?>
<testsuite xmlns:xsi="http://www.w3.org/2001/XMLSchema-instance" xsi:noNamespaceSchemaLocation="https://maven.apache.org/surefire/maven-surefire-plugin/xsd/surefire-test-report.xsd" name="com.example.demo.DemoApplicationTests" time="19.435" tests="1" errors="0" skipped="0" failures="0">
  <properties>
    <property name="gopherProxySet" value="false"/>
    <property name="awt.toolkit" value="sun.lwawt.macosx.LWCToolkit"/>
    <property name="java.specification.version" value="11"/>
    <property name="sun.cpu.isalist" value=""/>
    <property name="sun.jnu.encoding" value="UTF-8"/>
    <property name="java.class.path" value="/Volumes/ExternalHD/opt/app/git/spring-boot-cosmosdb/target/test-classes:/Volumes/ExternalHD/opt/app/git/spring-boot-cosmosdb/target/classes:/opt/app/maven/repository/org/springframework/boot/spring-boot-starter-thymeleaf/2.3.1.RELEASE/spring-boot-starter-thymeleaf-2.3.1.RELEASE.jar:/opt/app/maven/repository/org/springframework/boot/spring-boot-starter/2.3.1.RELEASE/spring-boot-starter-2.3.1.RELEASE.jar:/opt/app/maven/repository/org/springframework/boot/spring-boot-starter-logging/2.3.1.RELEASE/spring-boot-starter-logging-2.3.1.RELEASE.jar:/opt/app/maven/repository/ch/qos/logback/logback-classic/1.2.3/logback-classic-1.2.3.jar:/opt/app/maven/repository/ch/qos/logback/logback-core/1.2.3/logback-core-1.2.3.jar:/opt/app/maven/repository/org/apache/logging/log4j/log4j-to-slf4j/2.13.3/log4j-to-slf4j-2.13.3.jar:/opt/app/maven/repository/org/apache/logging/log4j/log4j-api/2.13.3/log4j-api-2.13.3.jar:/opt/app/maven/repository/org/slf4j/jul-to-slf4j/1.7.30/jul-to-slf4j-1.7.30.jar:/opt/app/maven/repository/jakarta/annotation/jakarta.annotation-api/1.3.5/jakarta.annotation-api-1.3.5.jar:/opt/app/maven/repository/org/yaml/snakeyaml/1.26/snakeyaml-1.26.jar:/opt/app/maven/repository/org/thymeleaf/thymeleaf-spring5/3.0.11.RELEASE/thymeleaf-spring5-3.0.11.RELEASE.jar:/opt/app/maven/repository/org/thymeleaf/thymeleaf/3.0.11.RELEASE/thymeleaf-3.0.11.RELEASE.jar:/opt/app/maven/repository/org/attoparser/attoparser/2.0.5.RELEASE/attoparser-2.0.5.RELEASE.jar:/opt/app/maven/repository/org/unbescape/unbescape/1.1.6.RELEASE/unbescape-1.1.6.RELEASE.jar:/opt/app/maven/repository/org/slf4j/slf4j-api/1.7.30/slf4j-api-1.7.30.jar:/opt/app/maven/repository/org/thymeleaf/extras/thymeleaf-extras-java8time/3.0.4.RELEASE/thymeleaf-extras-java8time-3.0.4.RELEASE.jar:/opt/app/maven/repository/org/springframework/boot/spring-boot-starter-web/2.3.1.RELEASE/spring-boot-starter-web-2.3.1.RELEASE.jar:/opt/app/maven/repository/org/springframework/boot/spring-boot-starter-json/2.3.1.RELEASE/spring-boot-starter-json-2.3.1.RELEASE.jar:/opt/app/maven/repository/com/fasterxml/jackson/core/jackson-databind/2.11.0/jackson-databind-2.11.0.jar:/opt/app/maven/repository/com/fasterxml/jackson/core/jackson-annotations/2.11.0/jackson-annotations-2.11.0.jar:/opt/app/maven/repository/com/fasterxml/jackson/core/jackson-core/2.11.0/jackson-core-2.11.0.jar:/opt/app/maven/repository/com/fasterxml/jackson/datatype/jackson-datatype-jdk8/2.11.0/jackson-datatype-jdk8-2.11.0.jar:/opt/app/maven/repository/com/fasterxml/jackson/datatype/jackson-datatype-jsr310/2.11.0/jackson-datatype-jsr310-2.11.0.jar:/opt/app/maven/repository/com/fasterxml/jackson/module/jackson-module-parameter-names/2.11.0/jackson-module-parameter-names-2.11.0.jar:/opt/app/maven/repository/org/springframework/boot/spring-boot-starter-tomcat/2.3.1.RELEASE/spring-boot-starter-tomcat-2.3.1.RELEASE.jar:/opt/app/maven/repository/org/apache/tomcat/embed/tomcat-embed-core/9.0.36/tomcat-embed-core-9.0.36.jar:/opt/app/maven/repository/org/glassfish/jakarta.el/3.0.3/jakarta.el-3.0.3.jar:/opt/app/maven/repository/org/apache/tomcat/embed/tomcat-embed-websocket/9.0.36/tomcat-embed-websocket-9.0.36.jar:/opt/app/maven/repository/org/springframework/spring-web/5.2.7.RELEASE/spring-web-5.2.7.RELEASE.jar:/opt/app/maven/repository/org/springframework/spring-beans/5.2.7.RELEASE/spring-beans-5.2.7.RELEASE.jar:/opt/app/maven/repository/org/springframework/spring-webmvc/5.2.7.RELEASE/spring-webmvc-5.2.7.RELEASE.jar:/opt/app/maven/repository/org/springframework/spring-aop/5.2.7.RELEASE/spring-aop-5.2.7.RELEASE.jar:/opt/app/maven/repository/org/springframework/spring-context/5.2.7.RELEASE/spring-context-5.2.7.RELEASE.jar:/opt/app/maven/repository/org/springframework/spring-expression/5.2.7.RELEASE/spring-expression-5.2.7.RELEASE.jar:/opt/app/maven/repository/org/springframework/boot/spring-boot-devtools/2.3.1.RELEASE/spring-boot-devtools-2.3.1.RELEASE.jar:/opt/app/maven/repository/org/springframework/boot/spring-boot/2.3.1.RELEASE/spring-boot-2.3.1.RELEASE.jar:/opt/app/maven/repository/org/springframework/boot/spring-boot-autoconfigure/2.3.1.RELEASE/spring-boot-autoconfigure-2.3.1.RELEASE.jar:/opt/app/maven/repository/org/springframework/boot/spring-boot-starter-test/2.3.1.RELEASE/spring-boot-starter-test-2.3.1.RELEASE.jar:/opt/app/maven/repository/org/springframework/boot/spring-boot-test/2.3.1.RELEASE/spring-boot-test-2.3.1.RELEASE.jar:/opt/app/maven/repository/org/springframework/boot/spring-boot-test-autoconfigure/2.3.1.RELEASE/spring-boot-test-autoconfigure-2.3.1.RELEASE.jar:/opt/app/maven/repository/com/jayway/jsonpath/json-path/2.4.0/json-path-2.4.0.jar:/opt/app/maven/repository/net/minidev/json-smart/2.3/json-smart-2.3.jar:/opt/app/maven/repository/net/minidev/accessors-smart/1.2/accessors-smart-1.2.jar:/opt/app/maven/repository/org/ow2/asm/asm/5.0.4/asm-5.0.4.jar:/opt/app/maven/repository/jakarta/xml/bind/jakarta.xml.bind-api/2.3.3/jakarta.xml.bind-api-2.3.3.jar:/opt/app/maven/repository/jakarta/activation/jakarta.activation-api/1.2.2/jakarta.activation-api-1.2.2.jar:/opt/app/maven/repository/org/assertj/assertj-core/3.16.1/assertj-core-3.16.1.jar:/opt/app/maven/repository/org/hamcrest/hamcrest/2.2/hamcrest-2.2.jar:/opt/app/maven/repository/org/junit/jupiter/junit-jupiter/5.6.2/junit-jupiter-5.6.2.jar:/opt/app/maven/repository/org/junit/jupiter/junit-jupiter-api/5.6.2/junit-jupiter-api-5.6.2.jar:/opt/app/maven/repository/org/apiguardian/apiguardian-api/1.1.0/apiguardian-api-1.1.0.jar:/opt/app/maven/repository/org/opentest4j/opentest4j/1.2.0/opentest4j-1.2.0.jar:/opt/app/maven/repository/org/junit/platform/junit-platform-commons/1.6.2/junit-platform-commons-1.6.2.jar:/opt/app/maven/repository/org/junit/jupiter/junit-jupiter-params/5.6.2/junit-jupiter-params-5.6.2.jar:/opt/app/maven/repository/org/junit/jupiter/junit-jupiter-engine/5.6.2/junit-jupiter-engine-5.6.2.jar:/opt/app/maven/repository/org/junit/platform/junit-platform-engine/1.6.2/junit-platform-engine-1.6.2.jar:/opt/app/maven/repository/org/mockito/mockito-core/3.3.3/mockito-core-3.3.3.jar:/opt/app/maven/repository/net/bytebuddy/byte-buddy/1.10.11/byte-buddy-1.10.11.jar:/opt/app/maven/repository/net/bytebuddy/byte-buddy-agent/1.10.11/byte-buddy-agent-1.10.11.jar:/opt/app/maven/repository/org/objenesis/objenesis/2.6/objenesis-2.6.jar:/opt/app/maven/repository/org/mockito/mockito-junit-jupiter/3.3.3/mockito-junit-jupiter-3.3.3.jar:/opt/app/maven/repository/org/skyscreamer/jsonassert/1.5.0/jsonassert-1.5.0.jar:/opt/app/maven/repository/com/vaadin/external/google/android-json/0.0.20131108.vaadin1/android-json-0.0.20131108.vaadin1.jar:/opt/app/maven/repository/org/springframework/spring-core/5.2.7.RELEASE/spring-core-5.2.7.RELEASE.jar:/opt/app/maven/repository/org/springframework/spring-jcl/5.2.7.RELEASE/spring-jcl-5.2.7.RELEASE.jar:/opt/app/maven/repository/org/springframework/spring-test/5.2.7.RELEASE/spring-test-5.2.7.RELEASE.jar:/opt/app/maven/repository/org/xmlunit/xmlunit-core/2.7.0/xmlunit-core-2.7.0.jar:/opt/app/maven/repository/com/microsoft/azure/applicationinsights-agent/2.6.1/applicationinsights-agent-2.6.1.jar:/opt/app/maven/repository/com/microsoft/azure/azure-cosmosdb-spring-boot-starter/2.3.2/azure-cosmosdb-spring-boot-starter-2.3.2.jar:/opt/app/maven/repository/org/springframework/boot/spring-boot-starter-validation/2.3.1.RELEASE/spring-boot-starter-validation-2.3.1.RELEASE.jar:/opt/app/maven/repository/org/hibernate/validator/hibernate-validator/6.1.5.Final/hibernate-validator-6.1.5.Final.jar:/opt/app/maven/repository/jakarta/validation/jakarta.validation-api/2.0.2/jakarta.validation-api-2.0.2.jar:/opt/app/maven/repository/org/jboss/logging/jboss-logging/3.4.1.Final/jboss-logging-3.4.1.Final.jar:/opt/app/maven/repository/com/fasterxml/classmate/1.5.1/classmate-1.5.1.jar:/opt/app/maven/repository/com/microsoft/azure/azure-spring-boot/2.3.2/azure-spring-boot-2.3.2.jar:/opt/app/maven/repository/com/azure/azure-security-keyvault-secrets/4.1.1/azure-security-keyvault-secrets-4.1.1.jar:/opt/app/maven/repository/com/azure/azure-core/1.3.0/azure-core-1.3.0.jar:/opt/app/maven/repository/com/fasterxml/jackson/dataformat/jackson-dataformat-xml/2.11.0/jackson-dataformat-xml-2.11.0.jar:/opt/app/maven/repository/com/fasterxml/jackson/module/jackson-module-jaxb-annotations/2.11.0/jackson-module-jaxb-annotations-2.11.0.jar:/opt/app/maven/repository/org/codehaus/woodstox/stax2-api/4.2/stax2-api-4.2.jar:/opt/app/maven/repository/com/fasterxml/woodstox/woodstox-core/6.2.0/woodstox-core-6.2.0.jar:/opt/app/maven/repository/io/netty/netty-tcnative-boringssl-static/2.0.31.Final/netty-tcnative-boringssl-static-2.0.31.Final.jar:/opt/app/maven/repository/com/azure/azure-core-http-netty/1.4.0/azure-core-http-netty-1.4.0.jar:/opt/app/maven/repository/io/netty/netty-handler-proxy/4.1.50.Final/netty-handler-proxy-4.1.50.Final.jar:/opt/app/maven/repository/io/netty/netty-codec-socks/4.1.50.Final/netty-codec-socks-4.1.50.Final.jar:/opt/app/maven/repository/io/netty/netty-buffer/4.1.50.Final/netty-buffer-4.1.50.Final.jar:/opt/app/maven/repository/io/netty/netty-codec-http2/4.1.50.Final/netty-codec-http2-4.1.50.Final.jar:/opt/app/maven/repository/io/netty/netty-transport-native-unix-common/4.1.50.Final/netty-transport-native-unix-common-4.1.50.Final.jar:/opt/app/maven/repository/io/netty/netty-transport-native-epoll/4.1.50.Final/netty-transport-native-epoll-4.1.50.Final-linux-x86_64.jar:/opt/app/maven/repository/com/azure/azure-identity/1.0.4/azure-identity-1.0.4.jar:/opt/app/maven/repository/com/microsoft/azure/msal4j/0.5.0-preview/msal4j-0.5.0-preview.jar:/opt/app/maven/repository/com/google/code/gson/gson/2.8.6/gson-2.8.6.jar:/opt/app/maven/repository/commons-codec/commons-codec/1.14/commons-codec-1.14.jar:/opt/app/maven/repository/org/projectlombok/lombok/1.18.12/lombok-1.18.12.jar:/opt/app/maven/repository/org/apache/httpcomponents/httpclient/4.5.12/httpclient-4.5.12.jar:/opt/app/maven/repository/org/apache/httpcomponents/httpcore/4.4.13/httpcore-4.4.13.jar:/opt/app/maven/repository/com/nimbusds/oauth2-oidc-sdk/7.1.1/oauth2-oidc-sdk-7.1.1.jar:/opt/app/maven/repository/com/github/stephenc/jcip/jcip-annotations/1.0-1/jcip-annotations-1.0-1.jar:/opt/app/maven/repository/com/nimbusds/content-type/2.0/content-type-2.0.jar:/opt/app/maven/repository/com/nimbusds/lang-tag/1.4.4/lang-tag-1.4.4.jar:/opt/app/maven/repository/com/nimbusds/nimbus-jose-jwt/8.8/nimbus-jose-jwt-8.8.jar:/opt/app/maven/repository/com/sun/mail/javax.mail/1.6.1/javax.mail-1.6.1.jar:/opt/app/maven/repository/javax/activation/activation/1.1/activation-1.1.jar:/opt/app/maven/repository/org/nanohttpd/nanohttpd/2.3.1/nanohttpd-2.3.1.jar:/opt/app/maven/repository/net/java/dev/jna/jna-platform/5.4.0/jna-platform-5.4.0.jar:/opt/app/maven/repository/net/java/dev/jna/jna/5.4.0/jna-5.4.0.jar:/opt/app/maven/repository/com/microsoft/azure/spring-data-cosmosdb/2.3.0/spring-data-cosmosdb-2.3.0.jar:/opt/app/maven/repository/org/springframework/spring-tx/5.2.7.RELEASE/spring-tx-5.2.7.RELEASE.jar:/opt/app/maven/repository/org/springframework/data/spring-data-commons/2.3.1.RELEASE/spring-data-commons-2.3.1.RELEASE.jar:/opt/app/maven/repository/com/microsoft/azure/azure-cosmos/3.7.3/azure-cosmos-3.7.3.jar:/opt/app/maven/repository/com/fasterxml/uuid/java-uuid-generator/3.2.0/java-uuid-generator-3.2.0.jar:/opt/app/maven/repository/commons-io/commons-io/2.5/commons-io-2.5.jar:/opt/app/maven/repository/commons-validator/commons-validator/1.6/commons-validator-1.6.jar:/opt/app/maven/repository/commons-digester/commons-digester/1.8.1/commons-digester-1.8.1.jar:/opt/app/maven/repository/commons-logging/commons-logging/1.2/commons-logging-1.2.jar:/opt/app/maven/repository/commons-collections/commons-collections/3.2.2/commons-collections-3.2.2.jar:/opt/app/maven/repository/io/projectreactor/reactor-core/3.3.6.RELEASE/reactor-core-3.3.6.RELEASE.jar:/opt/app/maven/repository/org/reactivestreams/reactive-streams/1.0.3/reactive-streams-1.0.3.jar:/opt/app/maven/repository/io/netty/netty-codec-http/4.1.50.Final/netty-codec-http-4.1.50.Final.jar:/opt/app/maven/repository/io/netty/netty-common/4.1.50.Final/netty-common-4.1.50.Final.jar:/opt/app/maven/repository/io/netty/netty-transport/4.1.50.Final/netty-transport-4.1.50.Final.jar:/opt/app/maven/repository/io/netty/netty-codec/4.1.50.Final/netty-codec-4.1.50.Final.jar:/opt/app/maven/repository/io/netty/netty-handler/4.1.50.Final/netty-handler-4.1.50.Final.jar:/opt/app/maven/repository/io/netty/netty-resolver/4.1.50.Final/netty-resolver-4.1.50.Final.jar:/opt/app/maven/repository/org/apache/commons/commons-lang3/3.10/commons-lang3-3.10.jar:/opt/app/maven/repository/org/apache/commons/commons-collections4/4.2/commons-collections4-4.2.jar:/opt/app/maven/repository/org/apache/commons/commons-text/1.6/commons-text-1.6.jar:/opt/app/maven/repository/com/google/guava/guava/25.0-jre/guava-25.0-jre.jar:/opt/app/maven/repository/com/google/code/findbugs/jsr305/1.3.9/jsr305-1.3.9.jar:/opt/app/maven/repository/org/checkerframework/checker-compat-qual/2.0.0/checker-compat-qual-2.0.0.jar:/opt/app/maven/repository/com/google/errorprone/error_prone_annotations/2.1.3/error_prone_annotations-2.1.3.jar:/opt/app/maven/repository/com/google/j2objc/j2objc-annotations/1.1/j2objc-annotations-1.1.jar:/opt/app/maven/repository/org/codehaus/mojo/animal-sniffer-annotations/1.14/animal-sniffer-annotations-1.14.jar:/opt/app/maven/repository/io/dropwizard/metrics/metrics-core/4.1.9/metrics-core-4.1.9.jar:/opt/app/maven/repository/io/micrometer/micrometer-core/1.5.1/micrometer-core-1.5.1.jar:/opt/app/maven/repository/org/hdrhistogram/HdrHistogram/2.1.12/HdrHistogram-2.1.12.jar:/opt/app/maven/repository/org/latencyutils/LatencyUtils/2.0.3/LatencyUtils-2.0.3.jar:/opt/app/maven/repository/io/reactivex/rxjava2/rxjava/2.2.19/rxjava-2.2.19.jar:/opt/app/maven/repository/io/projectreactor/netty/reactor-netty/0.9.8.RELEASE/reactor-netty-0.9.8.RELEASE.jar:/opt/app/maven/repository/org/json/json/20140107/json-20140107.jar:/opt/app/maven/repository/org/javatuples/javatuples/1.2/javatuples-1.2.jar:"/>
    <property name="java.vm.vendor" value="Oracle Corporation"/>
    <property name="sun.arch.data.model" value="64"/>
    <property name="java.vendor.url" value="http://java.oracle.com/"/>
    <property name="user.timezone" value=""/>
    <property name="java.vm.specification.version" value="11"/>
    <property name="os.name" value="Mac OS X"/>
    <property name="sun.java.launcher" value="SUN_STANDARD"/>
    <property name="user.country" value="IN"/>
    <property name="sun.boot.library.path" value="/Library/Java/JavaVirtualMachines/openjdk-11.0.2.jdk/Contents/Home/lib"/>
    <property name="sun.java.command" value="/Volumes/ExternalHD/opt/app/git/spring-boot-cosmosdb/target/surefire/surefirebooter1213181256975221861.jar /Volumes/ExternalHD/opt/app/git/spring-boot-cosmosdb/target/surefire 2020-08-05T23-29-33_573-jvmRun1 surefire9429523804229369418tmp surefire_011663268703504332997tmp"/>
    <property name="http.nonProxyHosts" value="local|*.local|169.254/16|*.169.254/16"/>
    <property name="jdk.debug" value="release"/>
    <property name="surefire.test.class.path" value="/Volumes/ExternalHD/opt/app/git/spring-boot-cosmosdb/target/test-classes:/Volumes/ExternalHD/opt/app/git/spring-boot-cosmosdb/target/classes:/opt/app/maven/repository/org/springframework/boot/spring-boot-starter-thymeleaf/2.3.1.RELEASE/spring-boot-starter-thymeleaf-2.3.1.RELEASE.jar:/opt/app/maven/repository/org/springframework/boot/spring-boot-starter/2.3.1.RELEASE/spring-boot-starter-2.3.1.RELEASE.jar:/opt/app/maven/repository/org/springframework/boot/spring-boot-starter-logging/2.3.1.RELEASE/spring-boot-starter-logging-2.3.1.RELEASE.jar:/opt/app/maven/repository/ch/qos/logback/logback-classic/1.2.3/logback-classic-1.2.3.jar:/opt/app/maven/repository/ch/qos/logback/logback-core/1.2.3/logback-core-1.2.3.jar:/opt/app/maven/repository/org/apache/logging/log4j/log4j-to-slf4j/2.13.3/log4j-to-slf4j-2.13.3.jar:/opt/app/maven/repository/org/apache/logging/log4j/log4j-api/2.13.3/log4j-api-2.13.3.jar:/opt/app/maven/repository/org/slf4j/jul-to-slf4j/1.7.30/jul-to-slf4j-1.7.30.jar:/opt/app/maven/repository/jakarta/annotation/jakarta.annotation-api/1.3.5/jakarta.annotation-api-1.3.5.jar:/opt/app/maven/repository/org/yaml/snakeyaml/1.26/snakeyaml-1.26.jar:/opt/app/maven/repository/org/thymeleaf/thymeleaf-spring5/3.0.11.RELEASE/thymeleaf-spring5-3.0.11.RELEASE.jar:/opt/app/maven/repository/org/thymeleaf/thymeleaf/3.0.11.RELEASE/thymeleaf-3.0.11.RELEASE.jar:/opt/app/maven/repository/org/attoparser/attoparser/2.0.5.RELEASE/attoparser-2.0.5.RELEASE.jar:/opt/app/maven/repository/org/unbescape/unbescape/1.1.6.RELEASE/unbescape-1.1.6.RELEASE.jar:/opt/app/maven/repository/org/slf4j/slf4j-api/1.7.30/slf4j-api-1.7.30.jar:/opt/app/maven/repository/org/thymeleaf/extras/thymeleaf-extras-java8time/3.0.4.RELEASE/thymeleaf-extras-java8time-3.0.4.RELEASE.jar:/opt/app/maven/repository/org/springframework/boot/spring-boot-starter-web/2.3.1.RELEASE/spring-boot-starter-web-2.3.1.RELEASE.jar:/opt/app/maven/repository/org/springframework/boot/spring-boot-starter-json/2.3.1.RELEASE/spring-boot-starter-json-2.3.1.RELEASE.jar:/opt/app/maven/repository/com/fasterxml/jackson/core/jackson-databind/2.11.0/jackson-databind-2.11.0.jar:/opt/app/maven/repository/com/fasterxml/jackson/core/jackson-annotations/2.11.0/jackson-annotations-2.11.0.jar:/opt/app/maven/repository/com/fasterxml/jackson/core/jackson-core/2.11.0/jackson-core-2.11.0.jar:/opt/app/maven/repository/com/fasterxml/jackson/datatype/jackson-datatype-jdk8/2.11.0/jackson-datatype-jdk8-2.11.0.jar:/opt/app/maven/repository/com/fasterxml/jackson/datatype/jackson-datatype-jsr310/2.11.0/jackson-datatype-jsr310-2.11.0.jar:/opt/app/maven/repository/com/fasterxml/jackson/module/jackson-module-parameter-names/2.11.0/jackson-module-parameter-names-2.11.0.jar:/opt/app/maven/repository/org/springframework/boot/spring-boot-starter-tomcat/2.3.1.RELEASE/spring-boot-starter-tomcat-2.3.1.RELEASE.jar:/opt/app/maven/repository/org/apache/tomcat/embed/tomcat-embed-core/9.0.36/tomcat-embed-core-9.0.36.jar:/opt/app/maven/repository/org/glassfish/jakarta.el/3.0.3/jakarta.el-3.0.3.jar:/opt/app/maven/repository/org/apache/tomcat/embed/tomcat-embed-websocket/9.0.36/tomcat-embed-websocket-9.0.36.jar:/opt/app/maven/repository/org/springframework/spring-web/5.2.7.RELEASE/spring-web-5.2.7.RELEASE.jar:/opt/app/maven/repository/org/springframework/spring-beans/5.2.7.RELEASE/spring-beans-5.2.7.RELEASE.jar:/opt/app/maven/repository/org/springframework/spring-webmvc/5.2.7.RELEASE/spring-webmvc-5.2.7.RELEASE.jar:/opt/app/maven/repository/org/springframework/spring-aop/5.2.7.RELEASE/spring-aop-5.2.7.RELEASE.jar:/opt/app/maven/repository/org/springframework/spring-context/5.2.7.RELEASE/spring-context-5.2.7.RELEASE.jar:/opt/app/maven/repository/org/springframework/spring-expression/5.2.7.RELEASE/spring-expression-5.2.7.RELEASE.jar:/opt/app/maven/repository/org/springframework/boot/spring-boot-devtools/2.3.1.RELEASE/spring-boot-devtools-2.3.1.RELEASE.jar:/opt/app/maven/repository/org/springframework/boot/spring-boot/2.3.1.RELEASE/spring-boot-2.3.1.RELEASE.jar:/opt/app/maven/repository/org/springframework/boot/spring-boot-autoconfigure/2.3.1.RELEASE/spring-boot-autoconfigure-2.3.1.RELEASE.jar:/opt/app/maven/repository/org/springframework/boot/spring-boot-starter-test/2.3.1.RELEASE/spring-boot-starter-test-2.3.1.RELEASE.jar:/opt/app/maven/repository/org/springframework/boot/spring-boot-test/2.3.1.RELEASE/spring-boot-test-2.3.1.RELEASE.jar:/opt/app/maven/repository/org/springframework/boot/spring-boot-test-autoconfigure/2.3.1.RELEASE/spring-boot-test-autoconfigure-2.3.1.RELEASE.jar:/opt/app/maven/repository/com/jayway/jsonpath/json-path/2.4.0/json-path-2.4.0.jar:/opt/app/maven/repository/net/minidev/json-smart/2.3/json-smart-2.3.jar:/opt/app/maven/repository/net/minidev/accessors-smart/1.2/accessors-smart-1.2.jar:/opt/app/maven/repository/org/ow2/asm/asm/5.0.4/asm-5.0.4.jar:/opt/app/maven/repository/jakarta/xml/bind/jakarta.xml.bind-api/2.3.3/jakarta.xml.bind-api-2.3.3.jar:/opt/app/maven/repository/jakarta/activation/jakarta.activation-api/1.2.2/jakarta.activation-api-1.2.2.jar:/opt/app/maven/repository/org/assertj/assertj-core/3.16.1/assertj-core-3.16.1.jar:/opt/app/maven/repository/org/hamcrest/hamcrest/2.2/hamcrest-2.2.jar:/opt/app/maven/repository/org/junit/jupiter/junit-jupiter/5.6.2/junit-jupiter-5.6.2.jar:/opt/app/maven/repository/org/junit/jupiter/junit-jupiter-api/5.6.2/junit-jupiter-api-5.6.2.jar:/opt/app/maven/repository/org/apiguardian/apiguardian-api/1.1.0/apiguardian-api-1.1.0.jar:/opt/app/maven/repository/org/opentest4j/opentest4j/1.2.0/opentest4j-1.2.0.jar:/opt/app/maven/repository/org/junit/platform/junit-platform-commons/1.6.2/junit-platform-commons-1.6.2.jar:/opt/app/maven/repository/org/junit/jupiter/junit-jupiter-params/5.6.2/junit-jupiter-params-5.6.2.jar:/opt/app/maven/repository/org/junit/jupiter/junit-jupiter-engine/5.6.2/junit-jupiter-engine-5.6.2.jar:/opt/app/maven/repository/org/junit/platform/junit-platform-engine/1.6.2/junit-platform-engine-1.6.2.jar:/opt/app/maven/repository/org/mockito/mockito-core/3.3.3/mockito-core-3.3.3.jar:/opt/app/maven/repository/net/bytebuddy/byte-buddy/1.10.11/byte-buddy-1.10.11.jar:/opt/app/maven/repository/net/bytebuddy/byte-buddy-agent/1.10.11/byte-buddy-agent-1.10.11.jar:/opt/app/maven/repository/org/objenesis/objenesis/2.6/objenesis-2.6.jar:/opt/app/maven/repository/org/mockito/mockito-junit-jupiter/3.3.3/mockito-junit-jupiter-3.3.3.jar:/opt/app/maven/repository/org/skyscreamer/jsonassert/1.5.0/jsonassert-1.5.0.jar:/opt/app/maven/repository/com/vaadin/external/google/android-json/0.0.20131108.vaadin1/android-json-0.0.20131108.vaadin1.jar:/opt/app/maven/repository/org/springframework/spring-core/5.2.7.RELEASE/spring-core-5.2.7.RELEASE.jar:/opt/app/maven/repository/org/springframework/spring-jcl/5.2.7.RELEASE/spring-jcl-5.2.7.RELEASE.jar:/opt/app/maven/repository/org/springframework/spring-test/5.2.7.RELEASE/spring-test-5.2.7.RELEASE.jar:/opt/app/maven/repository/org/xmlunit/xmlunit-core/2.7.0/xmlunit-core-2.7.0.jar:/opt/app/maven/repository/com/microsoft/azure/applicationinsights-agent/2.6.1/applicationinsights-agent-2.6.1.jar:/opt/app/maven/repository/com/microsoft/azure/azure-cosmosdb-spring-boot-starter/2.3.2/azure-cosmosdb-spring-boot-starter-2.3.2.jar:/opt/app/maven/repository/org/springframework/boot/spring-boot-starter-validation/2.3.1.RELEASE/spring-boot-starter-validation-2.3.1.RELEASE.jar:/opt/app/maven/repository/org/hibernate/validator/hibernate-validator/6.1.5.Final/hibernate-validator-6.1.5.Final.jar:/opt/app/maven/repository/jakarta/validation/jakarta.validation-api/2.0.2/jakarta.validation-api-2.0.2.jar:/opt/app/maven/repository/org/jboss/logging/jboss-logging/3.4.1.Final/jboss-logging-3.4.1.Final.jar:/opt/app/maven/repository/com/fasterxml/classmate/1.5.1/classmate-1.5.1.jar:/opt/app/maven/repository/com/microsoft/azure/azure-spring-boot/2.3.2/azure-spring-boot-2.3.2.jar:/opt/app/maven/repository/com/azure/azure-security-keyvault-secrets/4.1.1/azure-security-keyvault-secrets-4.1.1.jar:/opt/app/maven/repository/com/azure/azure-core/1.3.0/azure-core-1.3.0.jar:/opt/app/maven/repository/com/fasterxml/jackson/dataformat/jackson-dataformat-xml/2.11.0/jackson-dataformat-xml-2.11.0.jar:/opt/app/maven/repository/com/fasterxml/jackson/module/jackson-module-jaxb-annotations/2.11.0/jackson-module-jaxb-annotations-2.11.0.jar:/opt/app/maven/repository/org/codehaus/woodstox/stax2-api/4.2/stax2-api-4.2.jar:/opt/app/maven/repository/com/fasterxml/woodstox/woodstox-core/6.2.0/woodstox-core-6.2.0.jar:/opt/app/maven/repository/io/netty/netty-tcnative-boringssl-static/2.0.31.Final/netty-tcnative-boringssl-static-2.0.31.Final.jar:/opt/app/maven/repository/com/azure/azure-core-http-netty/1.4.0/azure-core-http-netty-1.4.0.jar:/opt/app/maven/repository/io/netty/netty-handler-proxy/4.1.50.Final/netty-handler-proxy-4.1.50.Final.jar:/opt/app/maven/repository/io/netty/netty-codec-socks/4.1.50.Final/netty-codec-socks-4.1.50.Final.jar:/opt/app/maven/repository/io/netty/netty-buffer/4.1.50.Final/netty-buffer-4.1.50.Final.jar:/opt/app/maven/repository/io/netty/netty-codec-http2/4.1.50.Final/netty-codec-http2-4.1.50.Final.jar:/opt/app/maven/repository/io/netty/netty-transport-native-unix-common/4.1.50.Final/netty-transport-native-unix-common-4.1.50.Final.jar:/opt/app/maven/repository/io/netty/netty-transport-native-epoll/4.1.50.Final/netty-transport-native-epoll-4.1.50.Final-linux-x86_64.jar:/opt/app/maven/repository/com/azure/azure-identity/1.0.4/azure-identity-1.0.4.jar:/opt/app/maven/repository/com/microsoft/azure/msal4j/0.5.0-preview/msal4j-0.5.0-preview.jar:/opt/app/maven/repository/com/google/code/gson/gson/2.8.6/gson-2.8.6.jar:/opt/app/maven/repository/commons-codec/commons-codec/1.14/commons-codec-1.14.jar:/opt/app/maven/repository/org/projectlombok/lombok/1.18.12/lombok-1.18.12.jar:/opt/app/maven/repository/org/apache/httpcomponents/httpclient/4.5.12/httpclient-4.5.12.jar:/opt/app/maven/repository/org/apache/httpcomponents/httpcore/4.4.13/httpcore-4.4.13.jar:/opt/app/maven/repository/com/nimbusds/oauth2-oidc-sdk/7.1.1/oauth2-oidc-sdk-7.1.1.jar:/opt/app/maven/repository/com/github/stephenc/jcip/jcip-annotations/1.0-1/jcip-annotations-1.0-1.jar:/opt/app/maven/repository/com/nimbusds/content-type/2.0/content-type-2.0.jar:/opt/app/maven/repository/com/nimbusds/lang-tag/1.4.4/lang-tag-1.4.4.jar:/opt/app/maven/repository/com/nimbusds/nimbus-jose-jwt/8.8/nimbus-jose-jwt-8.8.jar:/opt/app/maven/repository/com/sun/mail/javax.mail/1.6.1/javax.mail-1.6.1.jar:/opt/app/maven/repository/javax/activation/activation/1.1/activation-1.1.jar:/opt/app/maven/repository/org/nanohttpd/nanohttpd/2.3.1/nanohttpd-2.3.1.jar:/opt/app/maven/repository/net/java/dev/jna/jna-platform/5.4.0/jna-platform-5.4.0.jar:/opt/app/maven/repository/net/java/dev/jna/jna/5.4.0/jna-5.4.0.jar:/opt/app/maven/repository/com/microsoft/azure/spring-data-cosmosdb/2.3.0/spring-data-cosmosdb-2.3.0.jar:/opt/app/maven/repository/org/springframework/spring-tx/5.2.7.RELEASE/spring-tx-5.2.7.RELEASE.jar:/opt/app/maven/repository/org/springframework/data/spring-data-commons/2.3.1.RELEASE/spring-data-commons-2.3.1.RELEASE.jar:/opt/app/maven/repository/com/microsoft/azure/azure-cosmos/3.7.3/azure-cosmos-3.7.3.jar:/opt/app/maven/repository/com/fasterxml/uuid/java-uuid-generator/3.2.0/java-uuid-generator-3.2.0.jar:/opt/app/maven/repository/commons-io/commons-io/2.5/commons-io-2.5.jar:/opt/app/maven/repository/commons-validator/commons-validator/1.6/commons-validator-1.6.jar:/opt/app/maven/repository/commons-digester/commons-digester/1.8.1/commons-digester-1.8.1.jar:/opt/app/maven/repository/commons-logging/commons-logging/1.2/commons-logging-1.2.jar:/opt/app/maven/repository/commons-collections/commons-collections/3.2.2/commons-collections-3.2.2.jar:/opt/app/maven/repository/io/projectreactor/reactor-core/3.3.6.RELEASE/reactor-core-3.3.6.RELEASE.jar:/opt/app/maven/repository/org/reactivestreams/reactive-streams/1.0.3/reactive-streams-1.0.3.jar:/opt/app/maven/repository/io/netty/netty-codec-http/4.1.50.Final/netty-codec-http-4.1.50.Final.jar:/opt/app/maven/repository/io/netty/netty-common/4.1.50.Final/netty-common-4.1.50.Final.jar:/opt/app/maven/repository/io/netty/netty-transport/4.1.50.Final/netty-transport-4.1.50.Final.jar:/opt/app/maven/repository/io/netty/netty-codec/4.1.50.Final/netty-codec-4.1.50.Final.jar:/opt/app/maven/repository/io/netty/netty-handler/4.1.50.Final/netty-handler-4.1.50.Final.jar:/opt/app/maven/repository/io/netty/netty-resolver/4.1.50.Final/netty-resolver-4.1.50.Final.jar:/opt/app/maven/repository/org/apache/commons/commons-lang3/3.10/commons-lang3-3.10.jar:/opt/app/maven/repository/org/apache/commons/commons-collections4/4.2/commons-collections4-4.2.jar:/opt/app/maven/repository/org/apache/commons/commons-text/1.6/commons-text-1.6.jar:/opt/app/maven/repository/com/google/guava/guava/25.0-jre/guava-25.0-jre.jar:/opt/app/maven/repository/com/google/code/findbugs/jsr305/1.3.9/jsr305-1.3.9.jar:/opt/app/maven/repository/org/checkerframework/checker-compat-qual/2.0.0/checker-compat-qual-2.0.0.jar:/opt/app/maven/repository/com/google/errorprone/error_prone_annotations/2.1.3/error_prone_annotations-2.1.3.jar:/opt/app/maven/repository/com/google/j2objc/j2objc-annotations/1.1/j2objc-annotations-1.1.jar:/opt/app/maven/repository/org/codehaus/mojo/animal-sniffer-annotations/1.14/animal-sniffer-annotations-1.14.jar:/opt/app/maven/repository/io/dropwizard/metrics/metrics-core/4.1.9/metrics-core-4.1.9.jar:/opt/app/maven/repository/io/micrometer/micrometer-core/1.5.1/micrometer-core-1.5.1.jar:/opt/app/maven/repository/org/hdrhistogram/HdrHistogram/2.1.12/HdrHistogram-2.1.12.jar:/opt/app/maven/repository/org/latencyutils/LatencyUtils/2.0.3/LatencyUtils-2.0.3.jar:/opt/app/maven/repository/io/reactivex/rxjava2/rxjava/2.2.19/rxjava-2.2.19.jar:/opt/app/maven/repository/io/projectreactor/netty/reactor-netty/0.9.8.RELEASE/reactor-netty-0.9.8.RELEASE.jar:/opt/app/maven/repository/org/json/json/20140107/json-20140107.jar:/opt/app/maven/repository/org/javatuples/javatuples/1.2/javatuples-1.2.jar:"/>
    <property name="sun.cpu.endian" value="little"/>
    <property name="user.home" value="/Users/ashish"/>
    <property name="user.language" value="en"/>
    <property name="java.specification.vendor" value="Oracle Corporation"/>
    <property name="java.version.date" value="2019-01-15"/>
    <property name="java.home" value="/Library/Java/JavaVirtualMachines/openjdk-11.0.2.jdk/Contents/Home"/>
    <property name="file.separator" value="/"/>
    <property name="basedir" value="/Volumes/ExternalHD/opt/app/git/spring-boot-cosmosdb"/>
    <property name="java.vm.compressedOopsMode" value="Zero based"/>
    <property name="line.separator" value="&#10;"/>
    <property name="java.specification.name" value="Java Platform API Specification"/>
    <property name="java.vm.specification.vendor" value="Oracle Corporation"/>
    <property name="java.awt.graphicsenv" value="sun.awt.CGraphicsEnvironment"/>
    <property name="surefire.real.class.path" value="/Volumes/ExternalHD/opt/app/git/spring-boot-cosmosdb/target/surefire/surefirebooter1213181256975221861.jar"/>
    <property name="sun.management.compiler" value="HotSpot 64-Bit Tiered Compilers"/>
    <property name="ftp.nonProxyHosts" value="local|*.local|169.254/16|*.169.254/16"/>
    <property name="java.runtime.version" value="11.0.2+9"/>
    <property name="user.name" value="ashish"/>
    <property name="path.separator" value=":"/>
    <property name="os.version" value="10.15.6"/>
    <property name="java.runtime.name" value="OpenJDK Runtime Environment"/>
    <property name="file.encoding" value="UTF-8"/>
    <property name="java.vm.name" value="OpenJDK 64-Bit Server VM"/>
    <property name="java.vendor.version" value="18.9"/>
    <property name="localRepository" value="/opt/app/maven/repository"/>
    <property name="java.vendor.url.bug" value="http://bugreport.java.com/bugreport/"/>
    <property name="java.io.tmpdir" value="/var/folders/zl/rqsz9rnj2tz4ptngmhwb_9ww0000gn/T/"/>
    <property name="java.version" value="11.0.2"/>
    <property name="user.dir" value="/Volumes/ExternalHD/opt/app/git/spring-boot-cosmosdb"/>
    <property name="os.arch" value="x86_64"/>
    <property name="java.vm.specification.name" value="Java Virtual Machine Specification"/>
    <property name="java.awt.printerjob" value="sun.lwawt.macosx.CPrinterJob"/>
    <property name="sun.os.patch.level" value="unknown"/>
    <property name="java.library.path" value="/Users/ashish/Library/Java/Extensions:/Library/Java/Extensions:/Network/Library/Java/Extensions:/System/Library/Java/Extensions:/usr/lib/java:."/>
    <property name="java.vendor" value="Oracle Corporation"/>
    <property name="java.vm.info" value="mixed mode"/>
    <property name="java.vm.version" value="11.0.2+9"/>
    <property name="sun.io.unicode.encoding" value="UnicodeBig"/>
    <property name="java.class.version" value="55.0"/>
    <property name="socksNonProxyHosts" value="local|*.local|169.254/16|*.169.254/16"/>
  </properties>
  <testcase name="contextLoads" classname="com.example.demo.DemoApplicationTests" time="0.793"/>
</testsuite>